<?xml version="1.0" encoding="UTF-8"?>
<coverage generated="1755194955747" clover="3.2.0">
  <project timestamp="1755194955747" name="All files">
    <metrics statements="79" coveredstatements="72" conditionals="54" coveredconditionals="32" methods="13" coveredmethods="10" elements="146" coveredelements="114" complexity="0" loc="79" ncloc="79" packages="4" files="4" classes="4"/>
    <package name="src">
      <metrics statements="7" coveredstatements="7" conditionals="0" coveredconditionals="0" methods="2" coveredmethods="0"/>
      <file name="app.js" path="/root/apps/proyecto4-ruleta/proyectofinal/backend/src/app.js">
        <metrics statements="7" coveredstatements="7" conditionals="0" coveredconditionals="0" methods="2" coveredmethods="0"/>
        <line num="6" count="2" type="stmt"/>
        <line num="7" count="2" type="stmt"/>
        <line num="8" count="2" type="stmt"/>
        <line num="9" count="2" type="stmt"/>
        <line num="11" count="2" type="stmt"/>
        <line num="12" count="2" type="stmt"/>
        <line num="13" count="2" type="stmt"/>
      </file>
    </package>
    <package name="src.config">
      <metrics statements="5" coveredstatements="5" conditionals="2" coveredconditionals="1" methods="1" coveredmethods="1"/>
      <file name="db.js" path="/root/apps/proyecto4-ruleta/proyectofinal/backend/src/config/db.js">
        <metrics statements="5" coveredstatements="5" conditionals="2" coveredconditionals="1" methods="1" coveredmethods="1"/>
        <line num="3" count="2" type="stmt"/>
        <line num="4" count="2" type="stmt"/>
        <line num="5" count="2" type="cond" truecount="1" falsecount="1"/>
        <line num="6" count="2" type="stmt"/>
        <line num="7" count="2" type="stmt"/>
      </file>
    </package>
    <package name="src.models">
      <metrics statements="2" coveredstatements="2" conditionals="0" coveredconditionals="0" methods="0" coveredmethods="0"/>
      <file name="Roulette.js" path="/root/apps/proyecto4-ruleta/proyectofinal/backend/src/models/Roulette.js">
        <metrics statements="2" coveredstatements="2" conditionals="0" coveredconditionals="0" methods="0" coveredmethods="0"/>
        <line num="3" count="2" type="stmt"/>
        <line num="13" count="2" type="stmt"/>
      </file>
    </package>
    <package name="src.routes">
      <metrics statements="65" coveredstatements="58" conditionals="52" coveredconditionals="31" methods="10" coveredmethods="9"/>
      <file name="roulettes.routes.js" path="/root/apps/proyecto4-ruleta/proyectofinal/backend/src/routes/roulettes.routes.js">
        <metrics statements="65" coveredstatements="58" conditionals="52" coveredconditionals="31" methods="10" coveredmethods="9"/>
        <line num="4" count="2" type="stmt"/>
        <line num="6" count="2" type="cond" truecount="3" falsecount="0"/>
        <line num="7" count="2" type="stmt"/>
        <line num="8" count="2" type="cond" truecount="1" falsecount="1"/>
        <line num="9" count="2" type="stmt"/>
        <line num="12" count="2" type="stmt"/>
        <line num="13" count="4" type="stmt"/>
        <line num="14" count="4" type="stmt"/>
        <line num="15" count="4" type="stmt"/>
        <line num="16" count="0" type="stmt"/>
        <line num="20" count="2" type="stmt"/>
        <line num="21" count="1" type="stmt"/>
        <line num="22" count="1" type="stmt"/>
        <line num="23" count="1" type="stmt"/>
        <line num="31" count="1" type="stmt"/>
        <line num="32" count="0" type="stmt"/>
        <line num="36" count="2" type="stmt"/>
        <line num="37" count="4" type="stmt"/>
        <line num="38" count="4" type="stmt"/>
        <line num="39" count="4" type="cond" truecount="2" falsecount="0"/>
        <line num="40" count="3" type="cond" truecount="1" falsecount="1"/>
        <line num="41" count="3" type="stmt"/>
        <line num="42" count="3" type="stmt"/>
        <line num="43" count="3" type="stmt"/>
        <line num="45" count="3" type="stmt"/>
        <line num="46" count="0" type="stmt"/>
        <line num="50" count="2" type="stmt"/>
        <line num="51" count="4" type="stmt"/>
        <line num="52" count="4" type="stmt"/>
        <line num="53" count="4" type="cond" truecount="1" falsecount="1"/>
        <line num="54" count="4" type="cond" truecount="2" falsecount="0"/>
        <line num="56" count="3" type="cond" truecount="1" falsecount="1"/>
        <line num="57" count="3" type="cond" truecount="5" falsecount="0"/>
        <line num="58" count="1" type="stmt"/>
        <line num="60" count="2" type="stmt"/>
        <line num="61" count="2" type="cond" truecount="1" falsecount="1"/>
        <line num="62" count="0" type="stmt"/>
        <line num="64" count="2" type="cond" truecount="2" falsecount="0"/>
        <line num="65" count="1" type="cond" truecount="1" falsecount="1"/>
        <line num="66" count="0" type="stmt"/>
        <line num="68" count="1" type="cond" truecount="1" falsecount="1"/>
        <line num="69" count="1" type="cond" truecount="1" falsecount="1"/>
        <line num="70" count="1" type="stmt"/>
        <line num="72" count="1" type="stmt"/>
        <line num="73" count="1" type="stmt"/>
        <line num="74" count="0" type="stmt"/>
        <line num="78" count="2" type="stmt"/>
        <line num="79" count="1" type="stmt"/>
        <line num="80" count="1" type="stmt"/>
        <line num="81" count="1" type="cond" truecount="1" falsecount="1"/>
        <line num="82" count="1" type="cond" truecount="1" falsecount="1"/>
        <line num="84" count="1" type="stmt"/>
        <line num="85" count="1" type="stmt"/>
        <line num="87" count="1" type="cond" truecount="1" falsecount="1"/>
        <line num="88" count="1" type="stmt"/>
        <line num="89" count="1" type="cond" truecount="2" falsecount="2"/>
        <line num="90" count="1" type="cond" truecount="3" falsecount="1"/>
        <line num="91" count="1" type="cond" truecount="1" falsecount="1"/>
        <line num="94" count="1" type="stmt"/>
        <line num="95" count="1" type="stmt"/>
        <line num="96" count="1" type="stmt"/>
        <line num="97" count="1" type="stmt"/>
        <line num="98" count="1" type="stmt"/>
        <line num="100" count="1" type="stmt"/>
        <line num="101" count="0" type="stmt"/>
      </file>
    </package>
  </project>
</coverage>
