{"/root/apps/proyecto4-ruleta/proyectofinal/backend/src/app.js": {"path":"/root/apps/proyecto4-ruleta/proyectofinal/backend/src/app.js","statementMap":{"0":{"start":{"line":6,"column":12},"end":{"line":6,"column":21}},"1":{"start":{"line":7,"column":0},"end":{"line":7,"column":16}},"2":{"start":{"line":8,"column":0},"end":{"line":8,"column":24}},"3":{"start":{"line":9,"column":0},"end":{"line":9,"column":23}},"4":{"start":{"line":11,"column":0},"end":{"line":11,"column":34}},"5":{"start":{"line":12,"column":0},"end":{"line":12,"column":62}},"6":{"start":{"line":12,"column":34},"end":{"line":12,"column":60}},"7":{"start":{"line":13,"column":0},"end":{"line":13,"column":68}},"8":{"start":{"line":13,"column":22},"end":{"line":13,"column":66}}},"fnMap":{"0":{"name":"(anonymous_0)","decl":{"start":{"line":12,"column":19},"end":{"line":12,"column":20}},"loc":{"start":{"line":12,"column":34},"end":{"line":12,"column":60}},"line":12},"1":{"name":"(anonymous_1)","decl":{"start":{"line":13,"column":8},"end":{"line":13,"column":9}},"loc":{"start":{"line":13,"column":22},"end":{"line":13,"column":66}},"line":13}},"branchMap":{},"s":{"0":2,"1":2,"2":2,"3":2,"4":2,"5":2,"6":0,"7":2,"8":0},"f":{"0":0,"1":0},"b":{},"inputSourceMap":null,"_coverageSchema":"1a1c01bbd47fc00a2c39e90264f33305004495a9","hash":"77196f57c56634d0d2ffc4d6a4eb68ae7013c650"}
,"/root/apps/proyecto4-ruleta/proyectofinal/backend/src/config/db.js": {"path":"/root/apps/proyecto4-ruleta/proyectofinal/backend/src/config/db.js","statementMap":{"0":{"start":{"line":3,"column":25},"end":{"line":8,"column":1}},"1":{"start":{"line":4,"column":14},"end":{"line":4,"column":37}},"2":{"start":{"line":5,"column":2},"end":{"line":5,"column":68}},"3":{"start":{"line":5,"column":12},"end":{"line":5,"column":68}},"4":{"start":{"line":6,"column":2},"end":{"line":6,"column":30}},"5":{"start":{"line":7,"column":2},"end":{"line":7,"column":35}}},"fnMap":{"0":{"name":"(anonymous_0)","decl":{"start":{"line":3,"column":25},"end":{"line":3,"column":26}},"loc":{"start":{"line":3,"column":37},"end":{"line":8,"column":1}},"line":3}},"branchMap":{"0":{"loc":{"start":{"line":5,"column":2},"end":{"line":5,"column":68}},"type":"if","locations":[{"start":{"line":5,"column":2},"end":{"line":5,"column":68}},{"start":{},"end":{}}],"line":5}},"s":{"0":2,"1":2,"2":2,"3":0,"4":2,"5":2},"f":{"0":2},"b":{"0":[0,2]},"inputSourceMap":null,"_coverageSchema":"1a1c01bbd47fc00a2c39e90264f33305004495a9","hash":"685056db8fb7b72b5e968499c05c31cea56c7adb"}
,"/root/apps/proyecto4-ruleta/proyectofinal/backend/src/models/Roulette.js": {"path":"/root/apps/proyecto4-ruleta/proyectofinal/backend/src/models/Roulette.js","statementMap":{"0":{"start":{"line":3,"column":18},"end":{"line":11,"column":1}},"1":{"start":{"line":13,"column":23},"end":{"line":22,"column":1}}},"fnMap":{},"branchMap":{},"s":{"0":2,"1":2},"f":{},"b":{},"inputSourceMap":null,"_coverageSchema":"1a1c01bbd47fc00a2c39e90264f33305004495a9","hash":"a3e10438806f8c358a589c0c915d4371f43b2eee"}
,"/root/apps/proyecto4-ruleta/proyectofinal/backend/src/routes/roulettes.routes.js": {"path":"/root/apps/proyecto4-ruleta/proyectofinal/backend/src/routes/roulettes.routes.js","statementMap":{"0":{"start":{"line":4,"column":15},"end":{"line":4,"column":23}},"1":{"start":{"line":6,"column":22},"end":{"line":6,"column":69}},"2":{"start":{"line":6,"column":29},"end":{"line":6,"column":69}},"3":{"start":{"line":7,"column":22},"end":{"line":7,"column":93}},"4":{"start":{"line":7,"column":29},"end":{"line":7,"column":93}},"5":{"start":{"line":8,"column":22},"end":{"line":8,"column":61}},"6":{"start":{"line":8,"column":30},"end":{"line":8,"column":60}},"7":{"start":{"line":9,"column":16},"end":{"line":9,"column":43}},"8":{"start":{"line":12,"column":0},"end":{"line":17,"column":3}},"9":{"start":{"line":13,"column":2},"end":{"line":16,"column":26}},"10":{"start":{"line":14,"column":14},"end":{"line":14,"column":39}},"11":{"start":{"line":15,"column":4},"end":{"line":15,"column":39}},"12":{"start":{"line":16,"column":16},"end":{"line":16,"column":24}},"13":{"start":{"line":20,"column":0},"end":{"line":33,"column":3}},"14":{"start":{"line":21,"column":2},"end":{"line":32,"column":26}},"15":{"start":{"line":22,"column":17},"end":{"line":22,"column":45}},"16":{"start":{"line":23,"column":16},"end":{"line":30,"column":7}},"17":{"start":{"line":23,"column":31},"end":{"line":30,"column":5}},"18":{"start":{"line":31,"column":4},"end":{"line":31,"column":18}},"19":{"start":{"line":32,"column":16},"end":{"line":32,"column":24}},"20":{"start":{"line":36,"column":0},"end":{"line":47,"column":3}},"21":{"start":{"line":37,"column":2},"end":{"line":46,"column":26}},"22":{"start":{"line":38,"column":14},"end":{"line":38,"column":52}},"23":{"start":{"line":39,"column":4},"end":{"line":39,"column":75}},"24":{"start":{"line":39,"column":12},"end":{"line":39,"column":75}},"25":{"start":{"line":40,"column":4},"end":{"line":44,"column":5}},"26":{"start":{"line":41,"column":6},"end":{"line":41,"column":24}},"27":{"start":{"line":41,"column":25},"end":{"line":41,"column":37}},"28":{"start":{"line":42,"column":6},"end":{"line":42,"column":34}},"29":{"start":{"line":42,"column":35},"end":{"line":42,"column":62}},"30":{"start":{"line":42,"column":63},"end":{"line":42,"column":86}},"31":{"start":{"line":43,"column":6},"end":{"line":43,"column":21}},"32":{"start":{"line":45,"column":4},"end":{"line":45,"column":45}},"33":{"start":{"line":46,"column":16},"end":{"line":46,"column":24}},"34":{"start":{"line":50,"column":0},"end":{"line":75,"column":3}},"35":{"start":{"line":51,"column":2},"end":{"line":74,"column":26}},"36":{"start":{"line":52,"column":14},"end":{"line":52,"column":52}},"37":{"start":{"line":53,"column":4},"end":{"line":53,"column":75}},"38":{"start":{"line":53,"column":12},"end":{"line":53,"column":75}},"39":{"start":{"line":54,"column":4},"end":{"line":54,"column":97}},"40":{"start":{"line":54,"column":29},"end":{"line":54,"column":97}},"41":{"start":{"line":56,"column":38},"end":{"line":56,"column":52}},"42":{"start":{"line":57,"column":4},"end":{"line":58,"column":76}},"43":{"start":{"line":58,"column":6},"end":{"line":58,"column":76}},"44":{"start":{"line":60,"column":22},"end":{"line":60,"column":36}},"45":{"start":{"line":60,"column":49},"end":{"line":60,"column":62}},"46":{"start":{"line":61,"column":4},"end":{"line":62,"column":97}},"47":{"start":{"line":62,"column":6},"end":{"line":62,"column":97}},"48":{"start":{"line":64,"column":4},"end":{"line":71,"column":5}},"49":{"start":{"line":65,"column":6},"end":{"line":65,"column":100}},"50":{"start":{"line":65,"column":34},"end":{"line":65,"column":100}},"51":{"start":{"line":66,"column":6},"end":{"line":66,"column":54}},"52":{"start":{"line":68,"column":6},"end":{"line":68,"column":108}},"53":{"start":{"line":68,"column":32},"end":{"line":68,"column":108}},"54":{"start":{"line":69,"column":25},"end":{"line":69,"column":87}},"55":{"start":{"line":70,"column":6},"end":{"line":70,"column":64}},"56":{"start":{"line":72,"column":4},"end":{"line":72,"column":19}},"57":{"start":{"line":73,"column":4},"end":{"line":73,"column":59}},"58":{"start":{"line":74,"column":16},"end":{"line":74,"column":24}},"59":{"start":{"line":78,"column":0},"end":{"line":102,"column":3}},"60":{"start":{"line":79,"column":2},"end":{"line":101,"column":26}},"61":{"start":{"line":80,"column":14},"end":{"line":80,"column":52}},"62":{"start":{"line":81,"column":4},"end":{"line":81,"column":75}},"63":{"start":{"line":81,"column":12},"end":{"line":81,"column":75}},"64":{"start":{"line":82,"column":4},"end":{"line":82,"column":97}},"65":{"start":{"line":82,"column":29},"end":{"line":82,"column":97}},"66":{"start":{"line":84,"column":26},"end":{"line":84,"column":56}},"67":{"start":{"line":85,"column":26},"end":{"line":85,"column":54}},"68":{"start":{"line":87,"column":20},"end":{"line":92,"column":6}},"69":{"start":{"line":88,"column":14},"end":{"line":88,"column":19}},"70":{"start":{"line":88,"column":28},"end":{"line":88,"column":29}},"71":{"start":{"line":89,"column":6},"end":{"line":90,"column":121}},"72":{"start":{"line":89,"column":63},"end":{"line":89,"column":72}},"73":{"start":{"line":89,"column":73},"end":{"line":89,"column":118}},"74":{"start":{"line":90,"column":11},"end":{"line":90,"column":121}},"75":{"start":{"line":90,"column":65},"end":{"line":90,"column":74}},"76":{"start":{"line":90,"column":75},"end":{"line":90,"column":119}},"77":{"start":{"line":91,"column":6},"end":{"line":91,"column":60}},"78":{"start":{"line":94,"column":4},"end":{"line":94,"column":24}},"79":{"start":{"line":95,"column":4},"end":{"line":95,"column":36}},"80":{"start":{"line":96,"column":4},"end":{"line":96,"column":35}},"81":{"start":{"line":97,"column":4},"end":{"line":97,"column":28}},"82":{"start":{"line":98,"column":4},"end":{"line":98,"column":19}},"83":{"start":{"line":100,"column":4},"end":{"line":100,"column":65}},"84":{"start":{"line":101,"column":16},"end":{"line":101,"column":24}}},"fnMap":{"0":{"name":"(anonymous_0)","decl":{"start":{"line":6,"column":22},"end":{"line":6,"column":23}},"loc":{"start":{"line":6,"column":29},"end":{"line":6,"column":69}},"line":6},"1":{"name":"(anonymous_1)","decl":{"start":{"line":7,"column":22},"end":{"line":7,"column":23}},"loc":{"start":{"line":7,"column":29},"end":{"line":7,"column":93}},"line":7},"2":{"name":"(anonymous_2)","decl":{"start":{"line":8,"column":22},"end":{"line":8,"column":23}},"loc":{"start":{"line":8,"column":30},"end":{"line":8,"column":60}},"line":8},"3":{"name":"(anonymous_3)","decl":{"start":{"line":12,"column":17},"end":{"line":12,"column":18}},"loc":{"start":{"line":12,"column":44},"end":{"line":17,"column":1}},"line":12},"4":{"name":"(anonymous_4)","decl":{"start":{"line":20,"column":16},"end":{"line":20,"column":17}},"loc":{"start":{"line":20,"column":43},"end":{"line":33,"column":1}},"line":20},"5":{"name":"(anonymous_5)","decl":{"start":{"line":23,"column":25},"end":{"line":23,"column":26}},"loc":{"start":{"line":23,"column":31},"end":{"line":30,"column":5}},"line":23},"6":{"name":"(anonymous_6)","decl":{"start":{"line":36,"column":26},"end":{"line":36,"column":27}},"loc":{"start":{"line":36,"column":52},"end":{"line":47,"column":1}},"line":36},"7":{"name":"(anonymous_7)","decl":{"start":{"line":50,"column":25},"end":{"line":50,"column":26}},"loc":{"start":{"line":50,"column":51},"end":{"line":75,"column":1}},"line":50},"8":{"name":"(anonymous_8)","decl":{"start":{"line":78,"column":27},"end":{"line":78,"column":28}},"loc":{"start":{"line":78,"column":53},"end":{"line":102,"column":1}},"line":78},"9":{"name":"(anonymous_9)","decl":{"start":{"line":87,"column":39},"end":{"line":87,"column":40}},"loc":{"start":{"line":87,"column":44},"end":{"line":92,"column":5}},"line":87}},"branchMap":{"0":{"loc":{"start":{"line":6,"column":29},"end":{"line":6,"column":69}},"type":"binary-expr","locations":[{"start":{"line":6,"column":29},"end":{"line":6,"column":48}},{"start":{"line":6,"column":52},"end":{"line":6,"column":58}},{"start":{"line":6,"column":62},"end":{"line":6,"column":69}}],"line":6},"1":{"loc":{"start":{"line":8,"column":30},"end":{"line":8,"column":60}},"type":"cond-expr","locations":[{"start":{"line":8,"column":44},"end":{"line":8,"column":50}},{"start":{"line":8,"column":53},"end":{"line":8,"column":60}}],"line":8},"2":{"loc":{"start":{"line":26,"column":17},"end":{"line":26,"column":36}},"type":"binary-expr","locations":[{"start":{"line":26,"column":17},"end":{"line":26,"column":31}},{"start":{"line":26,"column":35},"end":{"line":26,"column":36}}],"line":26},"3":{"loc":{"start":{"line":27,"column":10},"end":{"line":29,"column":12}},"type":"cond-expr","locations":[{"start":{"line":28,"column":10},"end":{"line":28,"column":74}},{"start":{"line":29,"column":10},"end":{"line":29,"column":12}}],"line":27},"4":{"loc":{"start":{"line":27,"column":10},"end":{"line":27,"column":58}},"type":"binary-expr","locations":[{"start":{"line":27,"column":10},"end":{"line":27,"column":31}},{"start":{"line":27,"column":35},"end":{"line":27,"column":58}}],"line":27},"5":{"loc":{"start":{"line":39,"column":4},"end":{"line":39,"column":75}},"type":"if","locations":[{"start":{"line":39,"column":4},"end":{"line":39,"column":75}},{"start":{},"end":{}}],"line":39},"6":{"loc":{"start":{"line":40,"column":4},"end":{"line":44,"column":5}},"type":"if","locations":[{"start":{"line":40,"column":4},"end":{"line":44,"column":5}},{"start":{},"end":{}}],"line":40},"7":{"loc":{"start":{"line":53,"column":4},"end":{"line":53,"column":75}},"type":"if","locations":[{"start":{"line":53,"column":4},"end":{"line":53,"column":75}},{"start":{},"end":{}}],"line":53},"8":{"loc":{"start":{"line":54,"column":4},"end":{"line":54,"column":97}},"type":"if","locations":[{"start":{"line":54,"column":4},"end":{"line":54,"column":97}},{"start":{},"end":{}}],"line":54},"9":{"loc":{"start":{"line":56,"column":38},"end":{"line":56,"column":52}},"type":"binary-expr","locations":[{"start":{"line":56,"column":38},"end":{"line":56,"column":46}},{"start":{"line":56,"column":50},"end":{"line":56,"column":52}}],"line":56},"10":{"loc":{"start":{"line":57,"column":4},"end":{"line":58,"column":76}},"type":"if","locations":[{"start":{"line":57,"column":4},"end":{"line":58,"column":76}},{"start":{},"end":{}}],"line":57},"11":{"loc":{"start":{"line":57,"column":8},"end":{"line":57,"column":67}},"type":"binary-expr","locations":[{"start":{"line":57,"column":8},"end":{"line":57,"column":34}},{"start":{"line":57,"column":38},"end":{"line":57,"column":49}},{"start":{"line":57,"column":53},"end":{"line":57,"column":67}}],"line":57},"12":{"loc":{"start":{"line":61,"column":4},"end":{"line":62,"column":97}},"type":"if","locations":[{"start":{"line":61,"column":4},"end":{"line":62,"column":97}},{"start":{},"end":{}}],"line":61},"13":{"loc":{"start":{"line":64,"column":4},"end":{"line":71,"column":5}},"type":"if","locations":[{"start":{"line":64,"column":4},"end":{"line":71,"column":5}},{"start":{"line":67,"column":11},"end":{"line":71,"column":5}}],"line":64},"14":{"loc":{"start":{"line":65,"column":6},"end":{"line":65,"column":100}},"type":"if","locations":[{"start":{"line":65,"column":6},"end":{"line":65,"column":100}},{"start":{},"end":{}}],"line":65},"15":{"loc":{"start":{"line":68,"column":6},"end":{"line":68,"column":108}},"type":"if","locations":[{"start":{"line":68,"column":6},"end":{"line":68,"column":108}},{"start":{},"end":{}}],"line":68},"16":{"loc":{"start":{"line":69,"column":25},"end":{"line":69,"column":87}},"type":"cond-expr","locations":[{"start":{"line":69,"column":71},"end":{"line":69,"column":77}},{"start":{"line":69,"column":80},"end":{"line":69,"column":87}}],"line":69},"17":{"loc":{"start":{"line":81,"column":4},"end":{"line":81,"column":75}},"type":"if","locations":[{"start":{"line":81,"column":4},"end":{"line":81,"column":75}},{"start":{},"end":{}}],"line":81},"18":{"loc":{"start":{"line":82,"column":4},"end":{"line":82,"column":97}},"type":"if","locations":[{"start":{"line":82,"column":4},"end":{"line":82,"column":97}},{"start":{},"end":{}}],"line":82},"19":{"loc":{"start":{"line":87,"column":21},"end":{"line":87,"column":33}},"type":"binary-expr","locations":[{"start":{"line":87,"column":21},"end":{"line":87,"column":27}},{"start":{"line":87,"column":31},"end":{"line":87,"column":33}}],"line":87},"20":{"loc":{"start":{"line":89,"column":6},"end":{"line":90,"column":121}},"type":"if","locations":[{"start":{"line":89,"column":6},"end":{"line":90,"column":121}},{"start":{"line":90,"column":11},"end":{"line":90,"column":121}}],"line":89},"21":{"loc":{"start":{"line":89,"column":10},"end":{"line":89,"column":59}},"type":"binary-expr","locations":[{"start":{"line":89,"column":10},"end":{"line":89,"column":29}},{"start":{"line":89,"column":33},"end":{"line":89,"column":59}}],"line":89},"22":{"loc":{"start":{"line":90,"column":11},"end":{"line":90,"column":121}},"type":"if","locations":[{"start":{"line":90,"column":11},"end":{"line":90,"column":121}},{"start":{},"end":{}}],"line":90},"23":{"loc":{"start":{"line":90,"column":15},"end":{"line":90,"column":61}},"type":"binary-expr","locations":[{"start":{"line":90,"column":15},"end":{"line":90,"column":33}},{"start":{"line":90,"column":37},"end":{"line":90,"column":61}}],"line":90},"24":{"loc":{"start":{"line":91,"column":29},"end":{"line":91,"column":49}},"type":"cond-expr","locations":[{"start":{"line":91,"column":35},"end":{"line":91,"column":40}},{"start":{"line":91,"column":43},"end":{"line":91,"column":49}}],"line":91}},"s":{"0":2,"1":2,"2":1,"3":2,"4":1,"5":2,"6":1,"7":2,"8":2,"9":4,"10":4,"11":4,"12":0,"13":2,"14":1,"15":1,"16":1,"17":0,"18":1,"19":0,"20":2,"21":4,"22":4,"23":4,"24":1,"25":3,"26":3,"27":3,"28":3,"29":3,"30":3,"31":3,"32":3,"33":0,"34":2,"35":4,"36":4,"37":4,"38":0,"39":4,"40":1,"41":3,"42":3,"43":1,"44":2,"45":2,"46":2,"47":0,"48":2,"49":1,"50":1,"51":0,"52":1,"53":0,"54":1,"55":1,"56":1,"57":1,"58":0,"59":2,"60":1,"61":1,"62":1,"63":0,"64":1,"65":0,"66":1,"67":1,"68":1,"69":1,"70":1,"71":1,"72":0,"73":0,"74":1,"75":0,"76":0,"77":1,"78":1,"79":1,"80":1,"81":1,"82":1,"83":1,"84":0},"f":{"0":1,"1":1,"2":1,"3":4,"4":1,"5":0,"6":4,"7":4,"8":1,"9":1},"b":{"0":[1,1,1],"1":[0,1],"2":[0,0],"3":[0,0],"4":[0,0],"5":[1,3],"6":[3,0],"7":[0,4],"8":[1,3],"9":[3,0],"10":[1,2],"11":[3,3,3],"12":[0,2],"13":[1,1],"14":[1,0],"15":[0,1],"16":[1,0],"17":[0,1],"18":[0,1],"19":[1,0],"20":[0,1],"21":[1,0],"22":[0,1],"23":[1,1],"24":[0,1]},"inputSourceMap":null,"_coverageSchema":"1a1c01bbd47fc00a2c39e90264f33305004495a9","hash":"b3acd9d3146db038bc4b207de5b8e17f26cb911a"}
}
