TN:
SF:src/app.js
FN:12,(anonymous_0)
FN:13,(anonymous_1)
FNF:2
FNH:0
FNDA:0,(anonymous_0)
FNDA:0,(anonymous_1)
DA:6,2
DA:7,2
DA:8,2
DA:9,2
DA:11,2
DA:12,2
DA:13,2
LF:7
LH:7
BRF:0
BRH:0
end_of_record
TN:
SF:src/config/db.js
FN:3,(anonymous_0)
FNF:1
FNH:1
FNDA:2,(anonymous_0)
DA:3,2
DA:4,2
DA:5,2
DA:6,2
DA:7,2
LF:5
LH:5
BRDA:5,0,0,0
BRDA:5,0,1,2
BRF:2
BRH:1
end_of_record
TN:
SF:src/models/Roulette.js
FNF:0
FNH:0
DA:3,2
DA:13,2
LF:2
LH:2
BRF:0
BRH:0
end_of_record
TN:
SF:src/routes/roulettes.routes.js
FN:6,(anonymous_0)
FN:7,(anonymous_1)
FN:8,(anonymous_2)
FN:12,(anonymous_3)
FN:20,(anonymous_4)
FN:23,(anonymous_5)
FN:36,(anonymous_6)
FN:50,(anonymous_7)
FN:78,(anonymous_8)
FN:87,(anonymous_9)
FNF:10
FNH:9
FNDA:1,(anonymous_0)
FNDA:1,(anonymous_1)
FNDA:1,(anonymous_2)
FNDA:4,(anonymous_3)
FNDA:1,(anonymous_4)
FNDA:0,(anonymous_5)
FNDA:4,(anonymous_6)
FNDA:4,(anonymous_7)
FNDA:1,(anonymous_8)
FNDA:1,(anonymous_9)
DA:4,2
DA:6,2
DA:7,2
DA:8,2
DA:9,2
DA:12,2
DA:13,4
DA:14,4
DA:15,4
DA:16,0
DA:20,2
DA:21,1
DA:22,1
DA:23,1
DA:31,1
DA:32,0
DA:36,2
DA:37,4
DA:38,4
DA:39,4
DA:40,3
DA:41,3
DA:42,3
DA:43,3
DA:45,3
DA:46,0
DA:50,2
DA:51,4
DA:52,4
DA:53,4
DA:54,4
DA:56,3
DA:57,3
DA:58,1
DA:60,2
DA:61,2
DA:62,0
DA:64,2
DA:65,1
DA:66,0
DA:68,1
DA:69,1
DA:70,1
DA:72,1
DA:73,1
DA:74,0
DA:78,2
DA:79,1
DA:80,1
DA:81,1
DA:82,1
DA:84,1
DA:85,1
DA:87,1
DA:88,1
DA:89,1
DA:90,1
DA:91,1
DA:94,1
DA:95,1
DA:96,1
DA:97,1
DA:98,1
DA:100,1
DA:101,0
LF:65
LH:58
BRDA:6,0,0,1
BRDA:6,0,1,1
BRDA:6,0,2,1
BRDA:8,1,0,0
BRDA:8,1,1,1
BRDA:26,2,0,0
BRDA:26,2,1,0
BRDA:27,3,0,0
BRDA:27,3,1,0
BRDA:27,4,0,0
BRDA:27,4,1,0
BRDA:39,5,0,1
BRDA:39,5,1,3
BRDA:40,6,0,3
BRDA:40,6,1,0
BRDA:53,7,0,0
BRDA:53,7,1,4
BRDA:54,8,0,1
BRDA:54,8,1,3
BRDA:56,9,0,3
BRDA:56,9,1,0
BRDA:57,10,0,1
BRDA:57,10,1,2
BRDA:57,11,0,3
BRDA:57,11,1,3
BRDA:57,11,2,3
BRDA:61,12,0,0
BRDA:61,12,1,2
BRDA:64,13,0,1
BRDA:64,13,1,1
BRDA:65,14,0,1
BRDA:65,14,1,0
BRDA:68,15,0,0
BRDA:68,15,1,1
BRDA:69,16,0,1
BRDA:69,16,1,0
BRDA:81,17,0,0
BRDA:81,17,1,1
BRDA:82,18,0,0
BRDA:82,18,1,1
BRDA:87,19,0,1
BRDA:87,19,1,0
BRDA:89,20,0,0
BRDA:89,20,1,1
BRDA:89,21,0,1
BRDA:89,21,1,0
BRDA:90,22,0,0
BRDA:90,22,1,1
BRDA:90,23,0,1
BRDA:90,23,1,1
BRDA:91,24,0,0
BRDA:91,24,1,1
BRF:52
BRH:31
end_of_record
